[32mRunning scheduled command:[39m App\Http\Controllers\RatingGrabber@main
[DEBUG]: Added arcade [TIMEZONE(GALAXY MALL)]


[SID 3ce48f94]

[DEBUG]: SegaID has multiple Aime accounts, choosing the first one...
[DEBUG] Home Arcade: [TIMEZONE(GALAXY MALL)]
[HANSANIC] : [13.57]
[HANDOVAN] : [13.39]
[HANDOWUL] : [13.37]
[sazapan] : [13.29]
[WhiteSN] : [13.09]
[_(UwU&nbsp;_)] : [13.00]
[ANDOKO] : [12.94]
[Fassbndr] : [12.90]
[Manusia] : [12.85]
[CROIX13] : [12.83]
[Flox] : [12.77]
[HANDORA] : [12.71]
[ZakyChen] : [12.64]
[Echtel] : [12.58]
[HANAMASA] : [12.54]
[PS*Hirai] : [12.51]
[-Senpei] : [12.49]
[t(-_-t)] : [12.43]
[PamanZ] : [12.42]
[HANDOKUN] : [12.35]
[BUDENK] : [12.32]
[Will] : [12.29]
[GIGANTIC] : [12.25]
[Gerato] : [12.23]
[Alaia] : [12.21]
[LOLIBEAR] : [12.06]
[LOLOL] : [12.06]
[Chikii] : [12.04]
[Dyce!] : [12.01]
[DoKupe] : [11.99]
[KinkiN] : [11.95]
[ZOOM031] : [11.87]
[RAIZEL] : [11.87]
[Arisato] : [11.84]
[Yamakazu] : [11.82]
[Ksm-] : [11.76]
[Hiatus] : [11.65]
[PS*Renko] : [11.64]
[PS*-Isla] : [11.63]
[LIM] : [11.62]
[HutomoPW] : [11.60]
[PsSyuran] : [11.56]
[PS*Aoi] : [11.56]
[ZOOM2159] : [11.48]
[WNTM] : [11.36]
[CHRONO] : [11.31]
[RONALDO] : [11.30]
[REIN] : [11.29]
[Quinolon] : [11.25]
[StarkMai] : [11.22]
[Shado] : [11.19]
[Nyao] : [11.17]
[Patrick] : [11.15]
[KeiRinno] : [11.15]
[OKTRN] : [11.14]
[DRG!!!!!] : [11.10]
[Valtiata] : [11.10]
[L-Wonder] : [11.06]
[Reinn] : [11.01]
[Onime] : [11.01]
[AGUNG16] : [10.98]
[POLNXZXC] : [10.93]
[Adamsw] : [10.92]
[eDHEEm] : [10.89]
[SHIRO] : [10.82]
[RAMIEL] : [10.75]
[Yozora] : [10.68]
[Mikurin] : [10.64]
[zho] : [10.56]
[OTN] : [10.53]
[ADIANS] : [10.52]
[HANDAB] : [10.42]
[XEVENST] : [10.39]
[MoZawa] : [10.37]
[VALZ] : [10.35]
[HAYA12] : [10.32]
[celine] : [10.31]
[Ori-fu] : [10.30]
[KENTOSHI] : [10.28]
[KiraNeko] : [10.25]
[FRNH] : [10.22]
[BAGUS] : [10.18]
[StarkMAI] : [10.18]
[Liriope] : [10.17]
[MaruDesu] : [10.16]
[Enjo] : [10.14]
[SUNDAL&nbsp;] : [10.13]
[ZIALAW13] : [10.06]
[ANBEL] : [10.02]
[Potecchi] : [9.95]
[Shiro] : [9.93]
[ARN4LT] : [9.92]
[xeron] : [9.89]
[QNTLO23] : [9.77]
[t4l3n0] : [9.76]
[Kagamiku] : [9.75]
[KATHLEEN] : [9.73]
[mizuki] : [9.72]
[26*] : [9.69]
[Thallion] : [9.67]
Have fun :)
[32mRunning scheduled command:[39m App\Http\Controllers\RatingGrabber@main
[32mRunning scheduled command:[39m App\Http\Controllers\RatingGrabber@main
[DEBUG]: Added arcade [TIMEZONE(GALAXY MALL)]


[SID 1cecbbb9]

[DEBUG]: SegaID has multiple Aime accounts, choosing the first one...
[DEBUG] Home Arcade: [TIMEZONE(GALAXY MALL)]
[HANSANIC] : [13.57]
[HANDOVAN] : [13.39]
[HANDOWUL] : [13.37]
[sazapan] : [13.29]
[WhiteSN] : [13.09]
[_(UwU&nbsp;_)] : [13.00]
[ANDOKO] : [12.94]
[Fassbndr] : [12.90]
[Manusia] : [12.85]
[CROIX13] : [12.83]
[Flox] : [12.77]
[HANDORA] : [12.71]
[ZakyChen] : [12.64]
[Echtel] : [12.58]
[HANAMASA] : [12.54]
[PS*Hirai] : [12.51]
[-Senpei] : [12.49]
[t(-_-t)] : [12.43]
[PamanZ] : [12.42]
[HANDOKUN] : [12.35]
[BUDENK] : [12.32]
[Will] : [12.29]
[GIGANTIC] : [12.25]
[Gerato] : [12.23]
[Alaia] : [12.21]
[LOLIBEAR] : [12.06]
[LOLOL] : [12.06]
[Chikii] : [12.04]
[Dyce!] : [12.01]
[DoKupe] : [11.99]
[KinkiN] : [11.95]
[ZOOM031] : [11.87]
[RAIZEL] : [11.87]
[Arisato] : [11.84]
[Yamakazu] : [11.82]
[Ksm-] : [11.76]
[Hiatus] : [11.65]
[PS*Renko] : [11.64]
[PS*-Isla] : [11.63]
[LIM] : [11.62]
[HutomoPW] : [11.60]
[PsSyuran] : [11.56]
[PS*Aoi] : [11.56]
[ZOOM2159] : [11.48]
[WNTM] : [11.36]
[CHRONO] : [11.31]
[RONALDO] : [11.30]
[REIN] : [11.29]
[Quinolon] : [11.25]
[StarkMai] : [11.22]
[Shado] : [11.19]
[Nyao] : [11.17]
[Patrick] : [11.15]
[KeiRinno] : [11.15]
[OKTRN] : [11.14]
[DRG!!!!!] : [11.10]
[Valtiata] : [11.10]
[L-Wonder] : [11.06]
[Reinn] : [11.01]
[Onime] : [11.01]
[AGUNG16] : [10.98]
[POLNXZXC] : [10.93]
[Adamsw] : [10.92]
[eDHEEm] : [10.89]
[SHIRO] : [10.82]
[RAMIEL] : [10.75]
[Yozora] : [10.68]
[Mikurin] : [10.64]
[zho] : [10.56]
[OTN] : [10.53]
[ADIANS] : [10.52]
[HANDAB] : [10.42]
[XEVENST] : [10.39]
[MoZawa] : [10.37]
[VALZ] : [10.35]
[HAYA12] : [10.32]
[celine] : [10.31]
[Ori-fu] : [10.30]
[KENTOSHI] : [10.28]
[KiraNeko] : [10.25]
[FRNH] : [10.22]
[BAGUS] : [10.18]
[StarkMAI] : [10.18]
[Liriope] : [10.17]
[MaruDesu] : [10.16]
[Enjo] : [10.14]
[SUNDAL&nbsp;] : [10.13]
[ZIALAW13] : [10.06]
[ANBEL] : [10.02]
[Potecchi] : [9.95]
[Shiro] : [9.93]
[ARN4LT] : [9.92]
[xeron] : [9.89]
[QNTLO23] : [9.77]
[t4l3n0] : [9.76]
[Kagamiku] : [9.75]
[KATHLEEN] : [9.73]
[mizuki] : [9.72]
[26*] : [9.69]
[Thallion] : [9.67]
